Using pre-set license
Built from '2020.3/release' branch; Version is '2020.3.12f1 (b3b2c6512326) revision 11776710'; Using compiler version '192528614'; Build Type 'Release'
OS: 'Windows 10 Pro; OS build 22621.1413; Version 2009; 64bit' Language: 'en' Physical Memory: 15775 MB
BatchMode: 1, IsHumanControllingUs: 0, StartBugReporterOnCrash: 0, Is64bit: 1, IsPro: 0

 COMMAND LINE ARGUMENTS:
C:\Program Files\Unity\Hub\Editor\2020.3.12f1\Editor\Unity.exe
-adb2
-batchMode
-noUpm
-name
AssetImportWorker0
-projectPath
C:/Users/Code Ninjas/Documents/GitHub/YSDroppingBombs/YSDroppingBombs2
-logFile
Logs/AssetImportWorker0.log
-srvPort
64905
Successfully changed project path to: C:/Users/Code Ninjas/Documents/GitHub/YSDroppingBombs/YSDroppingBombs2
C:/Users/Code Ninjas/Documents/GitHub/YSDroppingBombs/YSDroppingBombs2
Using Asset Import Pipeline V2.
Refreshing native plugins compatible for Editor in 28.34 ms, found 2 plugins.
Preloading 0 native plugins for Editor in 0.00 ms.
Initialize engine version: 2020.3.12f1 (b3b2c6512326)
[Subsystems] Discovering subsystems at path C:/Program Files/Unity/Hub/Editor/2020.3.12f1/Editor/Data/Resources/UnitySubsystems
[Subsystems] Discovering subsystems at path C:/Users/Code Ninjas/Documents/GitHub/YSDroppingBombs/YSDroppingBombs2/Assets
GfxDevice: creating device client; threaded=0
Direct3D:
    Version:  Direct3D 11.0 [level 11.1]
    Renderer: NVIDIA GeForce RTX 3050 Ti Laptop GPU (ID=0x25a0)
    Vendor:   
    VRAM:     3990 MB
    Driver:   30.0.15.1169
Initialize mono
Mono path[0] = 'C:/Program Files/Unity/Hub/Editor/2020.3.12f1/Editor/Data/Managed'
Mono path[1] = 'C:/Program Files/Unity/Hub/Editor/2020.3.12f1/Editor/Data/MonoBleedingEdge/lib/mono/unityjit'
Mono config path = 'C:/Program Files/Unity/Hub/Editor/2020.3.12f1/Editor/Data/MonoBleedingEdge/etc'
Using monoOptions --debugger-agent=transport=dt_socket,embedding=1,server=y,suspend=n,address=127.0.0.1:56976
Begin MonoManager ReloadAssembly
Registering precompiled unity dll's ...
Register platform support module: C:/Program Files/Unity/Hub/Editor/2020.3.12f1/Editor/Data/PlaybackEngines/WindowsStandaloneSupport/UnityEditor.WindowsStandalone.Extensions.dll
Registered in 0.003338 seconds.
Native extension for WindowsStandalone target not found
Refreshing native plugins compatible for Editor in 24.44 ms, found 2 plugins.
Preloading 0 native plugins for Editor in 0.00 ms.
Mono: successfully reloaded assembly
- Completed reload, in  1.271 seconds
Platform modules already initialized, skipping
Registering precompiled user dll's ...
Registered in 0.006305 seconds.
Begin MonoManager ReloadAssembly
Native extension for WindowsStandalone target not found
Refreshing native plugins compatible for Editor in 0.36 ms, found 2 plugins.
Preloading 0 native plugins for Editor in 0.00 ms.
Mono: successfully reloaded assembly
- Completed reload, in  0.880 seconds
Platform modules already initialized, skipping
========================================================================
Worker process is ready to serve import requests
Launched and connected shader compiler UnityShaderCompiler.exe after 0.05 seconds
Refreshing native plugins compatible for Editor in 0.36 ms, found 2 plugins.
Preloading 0 native plugins for Editor in 0.00 ms.
Unloading 1390 Unused Serialized files (Serialized files now loaded: 0)
System memory in use before: 64.8 MB.
System memory in use after: 64.8 MB.

Unloading 19 unused Assets to reduce memory usage. Loaded Objects now: 1823.
Total: 2.053700 ms (FindLiveObjects: 0.148900 ms CreateObjectMapping: 0.038800 ms MarkObjects: 1.773000 ms  DeleteObjects: 0.091900 ms)

AssetImportParameters requested are different than current active one (requested -> active):
  custom:framework-win-MediaFoundation: 216162199b28c13a410421893ffa2e32 -> 
  custom:video-decoder-ogg-theora: a1e56fd34408186e4bbccfd4996cb3dc -> 
  custom:container-muxer-webm: aa71ff27fc2769a1b78a27578f13a17b -> 
  custom:container-demuxer-webm: 4f35f7cbe854078d1ac9338744f61a02 -> 
  custom:container-demuxer-ogg: 62fdf1f143b41e24485cea50d1cbac27 -> 
  custom:video-encoder-webm-vp8: eb34c28f22e8b96e1ab97ce403110664 -> 
  custom:video-decoder-webm-vp8: 9c59270c3fd7afecdb556c50c9e8de78 -> 
  custom:audio-decoder-ogg-vorbis: bf7c407c2cedff20999df2af8eb42d56 -> 
  custom:audio-encoder-webm-vorbis: bf7c407c2cedff20999df2af8eb42d56 -> 
========================================================================
Received Import Request.
  path: Assets/Scripts
  artifactKey: Guid(a9a220a25f8699f48964e35c395baf2a) Importer(815301076,1909f56bfc062723c751e8b465ee728b)
Start importing Assets/Scripts using Guid(a9a220a25f8699f48964e35c395baf2a) Importer(815301076,1909f56bfc062723c751e8b465ee728b)  -> (artifact id: 'e130432f02157aa7998fec01c61af2d1') in 0.010165 seconds 
  Import took 0.012344 seconds .

========================================================================
Received Prepare
Registering precompiled user dll's ...
Registered in 0.007304 seconds.
Begin MonoManager ReloadAssembly
Native extension for WindowsStandalone target not found
Refreshing native plugins compatible for Editor in 0.37 ms, found 2 plugins.
Preloading 0 native plugins for Editor in 0.00 ms.
Mono: successfully reloaded assembly
- Completed reload, in  0.818 seconds
Platform modules already initialized, skipping
Refreshing native plugins compatible for Editor in 0.45 ms, found 2 plugins.
Preloading 0 native plugins for Editor in 0.00 ms.
Unloading 1385 Unused Serialized files (Serialized files now loaded: 0)
System memory in use before: 64.7 MB.
System memory in use after: 64.8 MB.

Unloading 14 unused Assets to reduce memory usage. Loaded Objects now: 1826.
Total: 2.258700 ms (FindLiveObjects: 0.156500 ms CreateObjectMapping: 0.054100 ms MarkObjects: 1.985400 ms  DeleteObjects: 0.061500 ms)

AssetImportParameters requested are different than current active one (requested -> active):
  custom:framework-win-MediaFoundation: 216162199b28c13a410421893ffa2e32 -> 
  custom:video-decoder-ogg-theora: a1e56fd34408186e4bbccfd4996cb3dc -> 
  custom:container-muxer-webm: aa71ff27fc2769a1b78a27578f13a17b -> 
  custom:container-demuxer-webm: 4f35f7cbe854078d1ac9338744f61a02 -> 
  custom:container-demuxer-ogg: 62fdf1f143b41e24485cea50d1cbac27 -> 
  custom:video-encoder-webm-vp8: eb34c28f22e8b96e1ab97ce403110664 -> 
  custom:video-decoder-webm-vp8: 9c59270c3fd7afecdb556c50c9e8de78 -> 
  custom:audio-decoder-ogg-vorbis: bf7c407c2cedff20999df2af8eb42d56 -> 
  custom:audio-encoder-webm-vorbis: bf7c407c2cedff20999df2af8eb42d56 -> 
========================================================================
Received Import Request.
  Time since last request: 242.958821 seconds.
  path: Assets/Prefabs/Rocket.prefab
  artifactKey: Guid(82169fb5eac75114e9dae4d2dd916e6f) Importer(815301076,1909f56bfc062723c751e8b465ee728b)
Start importing Assets/Prefabs/Rocket.prefab using Guid(82169fb5eac75114e9dae4d2dd916e6f) Importer(815301076,1909f56bfc062723c751e8b465ee728b)  -> (artifact id: 'ff5ab3b6d9c812c54637ea315fd8d47a') in 0.120190 seconds 
  Import took 0.123845 seconds .

========================================================================
Received Import Request.
  Time since last request: 97.983668 seconds.
  path: Assets/Models/Rocket06.fbx
  artifactKey: Guid(0094b425812d49548913a84e817fac7e) Importer(815301076,1909f56bfc062723c751e8b465ee728b)
Start importing Assets/Models/Rocket06.fbx using Guid(0094b425812d49548913a84e817fac7e) Importer(815301076,1909f56bfc062723c751e8b465ee728b)  -> (artifact id: '14442fe02b0f97c78461121cb0a0fa9e') in 0.067224 seconds 
  Import took 0.070782 seconds .

========================================================================
Received Import Request.
  Time since last request: 10.141540 seconds.
  path: Assets/Artwork/RocketsPalletteRed.png
  artifactKey: Guid(87b14570171a8be458a29df2cd70f078) Importer(815301076,1909f56bfc062723c751e8b465ee728b)
Start importing Assets/Artwork/RocketsPalletteRed.png using Guid(87b14570171a8be458a29df2cd70f078) Importer(815301076,1909f56bfc062723c751e8b465ee728b)  -> (artifact id: '09c8c28b77b6ddc782760f332592133c') in 0.029876 seconds 
  Import took 0.033964 seconds .

========================================================================
Received Import Request.
  Time since last request: 1.301606 seconds.
  path: Assets/Materials/RocketsPalletteRed.mat
  artifactKey: Guid(e941d0d6425697b499256f89933a0df2) Importer(815301076,1909f56bfc062723c751e8b465ee728b)
Start importing Assets/Materials/RocketsPalletteRed.mat using Guid(e941d0d6425697b499256f89933a0df2) Importer(815301076,1909f56bfc062723c751e8b465ee728b)  -> (artifact id: 'd5505e6074f2b0f2bad0683bbfc7e0c5') in 0.017284 seconds 
  Import took 0.021688 seconds .

========================================================================
Received Import Request.
  Time since last request: 155.553053 seconds.
  path: Assets/Prefabs/Bomb.prefab
  artifactKey: Guid(42010e5044a20b0459c464d4dd5ff24c) Importer(815301076,1909f56bfc062723c751e8b465ee728b)
Start importing Assets/Prefabs/Bomb.prefab using Guid(42010e5044a20b0459c464d4dd5ff24c) Importer(815301076,1909f56bfc062723c751e8b465ee728b)  -> (artifact id: 'eab58981c0b931360c56122120c3f46c') in 0.018114 seconds 
  Import took 0.022602 seconds .

========================================================================
Received Import Request.
  Time since last request: 0.011342 seconds.
  path: Assets/Prefabs/Bomb.prefab
  artifactKey: Guid(42010e5044a20b0459c464d4dd5ff24c) Importer(815301076,1909f56bfc062723c751e8b465ee728b)
Start importing Assets/Prefabs/Bomb.prefab using Guid(42010e5044a20b0459c464d4dd5ff24c) Importer(815301076,1909f56bfc062723c751e8b465ee728b)  -> (artifact id: 'eab58981c0b931360c56122120c3f46c') in 0.010698 seconds 
  Import took 0.014468 seconds .

========================================================================
Received Import Request.
  Time since last request: 16.041337 seconds.
  path: Assets/Artwork
  artifactKey: Guid(d2a2b65f2b3ebfd43b19cf3e06bf1f43) Importer(815301076,1909f56bfc062723c751e8b465ee728b)
Start importing Assets/Artwork using Guid(d2a2b65f2b3ebfd43b19cf3e06bf1f43) Importer(815301076,1909f56bfc062723c751e8b465ee728b)  -> (artifact id: '44d2bfe6f45cb8ef81f918f1cb50720b') in 0.013697 seconds 
  Import took 0.017275 seconds .

========================================================================
Received Import Request.
  Time since last request: 39.812627 seconds.
  path: Assets/Artwork/skull.png
  artifactKey: Guid(b6f469a2349a98448ad1a4169dd4a06a) Importer(815301076,1909f56bfc062723c751e8b465ee728b)
Start importing Assets/Artwork/skull.png using Guid(b6f469a2349a98448ad1a4169dd4a06a) Importer(815301076,1909f56bfc062723c751e8b465ee728b)  -> (artifact id: 'f21187e2608e82d107fe00302643a422') in 0.025245 seconds 
  Import took 0.028860 seconds .

========================================================================
Received Import Request.
  Time since last request: 0.008802 seconds.
  path: Assets/Artwork/skull.png
  artifactKey: Guid(b6f469a2349a98448ad1a4169dd4a06a) Importer(815301076,1909f56bfc062723c751e8b465ee728b)
Start importing Assets/Artwork/skull.png using Guid(b6f469a2349a98448ad1a4169dd4a06a) Importer(815301076,1909f56bfc062723c751e8b465ee728b)  -> (artifact id: 'f21187e2608e82d107fe00302643a422') in 0.009922 seconds 
  Import took 0.013649 seconds .

========================================================================
Received Import Request.
  Time since last request: 14.435441 seconds.
  path: Assets/Artwork/SkyGradient.png
  artifactKey: Guid(0ccad01c3542d0a4c876f6fa72eb74c7) Importer(815301076,1909f56bfc062723c751e8b465ee728b)
Start importing Assets/Artwork/SkyGradient.png using Guid(0ccad01c3542d0a4c876f6fa72eb74c7) Importer(815301076,1909f56bfc062723c751e8b465ee728b)  -> (artifact id: '72c326061bcd2383b4ccc5113565a268') in 0.035409 seconds 
  Import took 0.039216 seconds .

========================================================================
Received Import Request.
  Time since last request: 10.658908 seconds.
  path: Assets/Artwork/clouds.png
  artifactKey: Guid(d220932a6ba9b714588a041988408c26) Importer(815301076,1909f56bfc062723c751e8b465ee728b)
Start importing Assets/Artwork/clouds.png using Guid(d220932a6ba9b714588a041988408c26) Importer(815301076,1909f56bfc062723c751e8b465ee728b)  -> (artifact id: '915217c4ff71eb3a2a3a27b341d0e685') in 0.021387 seconds 
  Import took 0.025277 seconds .

========================================================================
Received Import Request.
  Time since last request: 88.641038 seconds.
  path: Assets/Prefabs/Bomb.prefab
  artifactKey: Guid(42010e5044a20b0459c464d4dd5ff24c) Importer(815301076,1909f56bfc062723c751e8b465ee728b)
Start importing Assets/Prefabs/Bomb.prefab using Guid(42010e5044a20b0459c464d4dd5ff24c) Importer(815301076,1909f56bfc062723c751e8b465ee728b)  -> (artifact id: '9ca23e7fabaa571c0beb056b6191eb89') in 0.023267 seconds 
  Import took 0.027464 seconds .

========================================================================
Received Import Request.
  Time since last request: 0.001423 seconds.
  path: Assets/Prefabs/Bomb.prefab
  artifactKey: Guid(42010e5044a20b0459c464d4dd5ff24c) Importer(815301076,1909f56bfc062723c751e8b465ee728b)
Start importing Assets/Prefabs/Bomb.prefab using Guid(42010e5044a20b0459c464d4dd5ff24c) Importer(815301076,1909f56bfc062723c751e8b465ee728b)  -> (artifact id: '9ca23e7fabaa571c0beb056b6191eb89') in 0.013393 seconds 
  Import took 0.016814 seconds .

========================================================================
Received Prepare
Registering precompiled user dll's ...
Registered in 0.007005 seconds.
Begin MonoManager ReloadAssembly
Native extension for WindowsStandalone target not found
Refreshing native plugins compatible for Editor in 0.37 ms, found 2 plugins.
Preloading 0 native plugins for Editor in 0.00 ms.
Mono: successfully reloaded assembly
- Completed reload, in  0.808 seconds
Platform modules already initialized, skipping
Refreshing native plugins compatible for Editor in 0.43 ms, found 2 plugins.
Preloading 0 native plugins for Editor in 0.00 ms.
Unloading 1385 Unused Serialized files (Serialized files now loaded: 0)
System memory in use before: 68.3 MB.
System memory in use after: 68.3 MB.

Unloading 15 unused Assets to reduce memory usage. Loaded Objects now: 1874.
Total: 1.827400 ms (FindLiveObjects: 0.146300 ms CreateObjectMapping: 0.034400 ms MarkObjects: 1.582100 ms  DeleteObjects: 0.063300 ms)

AssetImportParameters requested are different than current active one (requested -> active):
  custom:framework-win-MediaFoundation: 216162199b28c13a410421893ffa2e32 -> 
  custom:video-decoder-ogg-theora: a1e56fd34408186e4bbccfd4996cb3dc -> 
  custom:container-muxer-webm: aa71ff27fc2769a1b78a27578f13a17b -> 
  custom:container-demuxer-webm: 4f35f7cbe854078d1ac9338744f61a02 -> 
  custom:container-demuxer-ogg: 62fdf1f143b41e24485cea50d1cbac27 -> 
  custom:video-encoder-webm-vp8: eb34c28f22e8b96e1ab97ce403110664 -> 
  custom:video-decoder-webm-vp8: 9c59270c3fd7afecdb556c50c9e8de78 -> 
  custom:audio-decoder-ogg-vorbis: bf7c407c2cedff20999df2af8eb42d56 -> 
  custom:audio-encoder-webm-vorbis: bf7c407c2cedff20999df2af8eb42d56 -> 
========================================================================
Received Import Request.
  Time since last request: 157.259181 seconds.
  path: Assets
  artifactKey: Guid(00000000000000001000000000000000) Importer(815301076,1909f56bfc062723c751e8b465ee728b)
Start importing Assets using Guid(00000000000000001000000000000000) Importer(815301076,1909f56bfc062723c751e8b465ee728b)  -> (artifact id: '42d402b061de3733987d63b9cc3b64de') in 0.012923 seconds 
  Import took 0.016454 seconds .

========================================================================
Received Import Request.
  Time since last request: 9.224043 seconds.
  path: Assets/Animation
  artifactKey: Guid(b6c720479cc0eec4096ee404375a9192) Importer(815301076,1909f56bfc062723c751e8b465ee728b)
Start importing Assets/Animation using Guid(b6c720479cc0eec4096ee404375a9192) Importer(815301076,1909f56bfc062723c751e8b465ee728b)  -> (artifact id: 'a2a94b1bdd87bfbb640b1e762d96b9d6') in 0.008866 seconds 
  Import took 0.011523 seconds .

========================================================================
Received Import Request.
  Time since last request: 639.049783 seconds.
  path: Assets/Animation/Rocket.controller
  artifactKey: Guid(ba7268f27b9c8c84989b6685b98227c2) Importer(815301076,1909f56bfc062723c751e8b465ee728b)
Start importing Assets/Animation/Rocket.controller using Guid(ba7268f27b9c8c84989b6685b98227c2) Importer(815301076,1909f56bfc062723c751e8b465ee728b)  -> (artifact id: 'ede44266d9edcbf0634db75b37a06bed') in 0.017628 seconds 
  Import took 0.021480 seconds .

========================================================================
Received Prepare
Registering precompiled user dll's ...
Registered in 0.005725 seconds.
Begin MonoManager ReloadAssembly
Native extension for WindowsStandalone target not found
Refreshing native plugins compatible for Editor in 0.36 ms, found 2 plugins.
Preloading 0 native plugins for Editor in 0.00 ms.
Mono: successfully reloaded assembly
- Completed reload, in  0.807 seconds
Platform modules already initialized, skipping
Refreshing native plugins compatible for Editor in 0.40 ms, found 2 plugins.
Preloading 0 native plugins for Editor in 0.00 ms.
Unloading 1386 Unused Serialized files (Serialized files now loaded: 0)
System memory in use before: 68.3 MB.
System memory in use after: 68.4 MB.

Unloading 14 unused Assets to reduce memory usage. Loaded Objects now: 1878.
Total: 2.583600 ms (FindLiveObjects: 0.147300 ms CreateObjectMapping: 0.040600 ms MarkObjects: 2.312100 ms  DeleteObjects: 0.081600 ms)

AssetImportParameters requested are different than current active one (requested -> active):
  custom:framework-win-MediaFoundation: 216162199b28c13a410421893ffa2e32 -> 
  custom:video-decoder-ogg-theora: a1e56fd34408186e4bbccfd4996cb3dc -> 
  custom:container-muxer-webm: aa71ff27fc2769a1b78a27578f13a17b -> 
  custom:container-demuxer-webm: 4f35f7cbe854078d1ac9338744f61a02 -> 
  custom:container-demuxer-ogg: 62fdf1f143b41e24485cea50d1cbac27 -> 
  custom:video-encoder-webm-vp8: eb34c28f22e8b96e1ab97ce403110664 -> 
  custom:video-decoder-webm-vp8: 9c59270c3fd7afecdb556c50c9e8de78 -> 
  custom:audio-decoder-ogg-vorbis: bf7c407c2cedff20999df2af8eb42d56 -> 
  custom:audio-encoder-webm-vorbis: bf7c407c2cedff20999df2af8eb42d56 -> 
========================================================================
Received Import Request.
  Time since last request: 156.920385 seconds.
  path: Assets/Scripts/RocketAnimation.cs
  artifactKey: Guid(f530c661db2f2b048b97a02cec1ca7ce) Importer(815301076,1909f56bfc062723c751e8b465ee728b)
Start importing Assets/Scripts/RocketAnimation.cs using Guid(f530c661db2f2b048b97a02cec1ca7ce) Importer(815301076,1909f56bfc062723c751e8b465ee728b)  -> (artifact id: '0df1a9046c4b37513107c9ebe52e9661') in 0.012719 seconds 
  Import took 0.015242 seconds .

========================================================================
Received Prepare
Registering precompiled user dll's ...
Registered in 0.007590 seconds.
Begin MonoManager ReloadAssembly
Native extension for WindowsStandalone target not found
Refreshing native plugins compatible for Editor in 0.38 ms, found 2 plugins.
Preloading 0 native plugins for Editor in 0.00 ms.
Mono: successfully reloaded assembly
- Completed reload, in  0.837 seconds
Platform modules already initialized, skipping
Refreshing native plugins compatible for Editor in 0.38 ms, found 2 plugins.
Preloading 0 native plugins for Editor in 0.00 ms.
Unloading 1386 Unused Serialized files (Serialized files now loaded: 0)
System memory in use before: 68.3 MB.
System memory in use after: 68.4 MB.

Unloading 14 unused Assets to reduce memory usage. Loaded Objects now: 1881.
Total: 2.169200 ms (FindLiveObjects: 0.162500 ms CreateObjectMapping: 0.049800 ms MarkObjects: 1.898300 ms  DeleteObjects: 0.057700 ms)

AssetImportParameters requested are different than current active one (requested -> active):
  custom:framework-win-MediaFoundation: 216162199b28c13a410421893ffa2e32 -> 
  custom:video-decoder-ogg-theora: a1e56fd34408186e4bbccfd4996cb3dc -> 
  custom:container-muxer-webm: aa71ff27fc2769a1b78a27578f13a17b -> 
  custom:container-demuxer-webm: 4f35f7cbe854078d1ac9338744f61a02 -> 
  custom:container-demuxer-ogg: 62fdf1f143b41e24485cea50d1cbac27 -> 
  custom:video-encoder-webm-vp8: eb34c28f22e8b96e1ab97ce403110664 -> 
  custom:video-decoder-webm-vp8: 9c59270c3fd7afecdb556c50c9e8de78 -> 
  custom:audio-decoder-ogg-vorbis: bf7c407c2cedff20999df2af8eb42d56 -> 
  custom:audio-encoder-webm-vorbis: bf7c407c2cedff20999df2af8eb42d56 -> 
========================================================================
Received Import Request.
  Time since last request: 66.107530 seconds.
  path: Assets/Scripts/RocketAnimation.cs
  artifactKey: Guid(f530c661db2f2b048b97a02cec1ca7ce) Importer(815301076,1909f56bfc062723c751e8b465ee728b)
Start importing Assets/Scripts/RocketAnimation.cs using Guid(f530c661db2f2b048b97a02cec1ca7ce) Importer(815301076,1909f56bfc062723c751e8b465ee728b)  -> (artifact id: '012148d3cc5a2da5ec5c784eb12cf444') in 0.006079 seconds 
  Import took 0.008448 seconds .

========================================================================
Received Prepare
Registering precompiled user dll's ...
Registered in 0.006247 seconds.
Begin MonoManager ReloadAssembly
Native extension for WindowsStandalone target not found
Refreshing native plugins compatible for Editor in 0.41 ms, found 2 plugins.
Preloading 0 native plugins for Editor in 0.00 ms.
Mono: successfully reloaded assembly
- Completed reload, in  0.822 seconds
Platform modules already initialized, skipping
Refreshing native plugins compatible for Editor in 0.40 ms, found 2 plugins.
Preloading 0 native plugins for Editor in 0.00 ms.
Unloading 1386 Unused Serialized files (Serialized files now loaded: 0)
System memory in use before: 68.3 MB.
System memory in use after: 68.4 MB.

Unloading 14 unused Assets to reduce memory usage. Loaded Objects now: 1884.
Total: 2.154600 ms (FindLiveObjects: 0.155800 ms CreateObjectMapping: 0.053800 ms MarkObjects: 1.876400 ms  DeleteObjects: 0.067200 ms)

AssetImportParameters requested are different than current active one (requested -> active):
  custom:framework-win-MediaFoundation: 216162199b28c13a410421893ffa2e32 -> 
  custom:video-decoder-ogg-theora: a1e56fd34408186e4bbccfd4996cb3dc -> 
  custom:container-muxer-webm: aa71ff27fc2769a1b78a27578f13a17b -> 
  custom:container-demuxer-webm: 4f35f7cbe854078d1ac9338744f61a02 -> 
  custom:container-demuxer-ogg: 62fdf1f143b41e24485cea50d1cbac27 -> 
  custom:video-encoder-webm-vp8: eb34c28f22e8b96e1ab97ce403110664 -> 
  custom:video-decoder-webm-vp8: 9c59270c3fd7afecdb556c50c9e8de78 -> 
  custom:audio-decoder-ogg-vorbis: bf7c407c2cedff20999df2af8eb42d56 -> 
  custom:audio-encoder-webm-vorbis: bf7c407c2cedff20999df2af8eb42d56 -> 
========================================================================
Received Import Request.
  Time since last request: 70.705105 seconds.
  path: Assets/Scripts/RocketAnimation.cs
  artifactKey: Guid(f530c661db2f2b048b97a02cec1ca7ce) Importer(815301076,1909f56bfc062723c751e8b465ee728b)
Start importing Assets/Scripts/RocketAnimation.cs using Guid(f530c661db2f2b048b97a02cec1ca7ce) Importer(815301076,1909f56bfc062723c751e8b465ee728b)  -> (artifact id: '9105f97ab0535459216ed648c078762a') in 0.005768 seconds 
  Import took 0.008735 seconds .

========================================================================
Received Prepare
Registering precompiled user dll's ...
Registered in 0.006661 seconds.
Begin MonoManager ReloadAssembly
Native extension for WindowsStandalone target not found
Refreshing native plugins compatible for Editor in 0.62 ms, found 2 plugins.
Preloading 0 native plugins for Editor in 0.00 ms.
Mono: successfully reloaded assembly
- Completed reload, in  0.993 seconds
Platform modules already initialized, skipping
Refreshing native plugins compatible for Editor in 0.52 ms, found 2 plugins.
Preloading 0 native plugins for Editor in 0.00 ms.
Unloading 1386 Unused Serialized files (Serialized files now loaded: 0)
System memory in use before: 68.3 MB.
System memory in use after: 68.4 MB.

Unloading 14 unused Assets to reduce memory usage. Loaded Objects now: 1887.
Total: 3.730200 ms (FindLiveObjects: 0.242300 ms CreateObjectMapping: 0.067100 ms MarkObjects: 3.344000 ms  DeleteObjects: 0.075400 ms)

AssetImportParameters requested are different than current active one (requested -> active):
  custom:framework-win-MediaFoundation: 216162199b28c13a410421893ffa2e32 -> 
  custom:video-decoder-ogg-theora: a1e56fd34408186e4bbccfd4996cb3dc -> 
  custom:container-muxer-webm: aa71ff27fc2769a1b78a27578f13a17b -> 
  custom:container-demuxer-webm: 4f35f7cbe854078d1ac9338744f61a02 -> 
  custom:container-demuxer-ogg: 62fdf1f143b41e24485cea50d1cbac27 -> 
  custom:video-encoder-webm-vp8: eb34c28f22e8b96e1ab97ce403110664 -> 
  custom:video-decoder-webm-vp8: 9c59270c3fd7afecdb556c50c9e8de78 -> 
  custom:audio-decoder-ogg-vorbis: bf7c407c2cedff20999df2af8eb42d56 -> 
  custom:audio-encoder-webm-vorbis: bf7c407c2cedff20999df2af8eb42d56 -> 
========================================================================
Received Prepare
Registering precompiled user dll's ...
Registered in 0.007044 seconds.
Begin MonoManager ReloadAssembly
Native extension for WindowsStandalone target not found
Refreshing native plugins compatible for Editor in 0.37 ms, found 2 plugins.
Preloading 0 native plugins for Editor in 0.00 ms.
Mono: successfully reloaded assembly
- Completed reload, in  0.782 seconds
Platform modules already initialized, skipping
Refreshing native plugins compatible for Editor in 0.38 ms, found 2 plugins.
Preloading 0 native plugins for Editor in 0.00 ms.
Unloading 1386 Unused Serialized files (Serialized files now loaded: 0)
System memory in use before: 68.3 MB.
System memory in use after: 68.4 MB.

Unloading 14 unused Assets to reduce memory usage. Loaded Objects now: 1890.
Total: 2.277500 ms (FindLiveObjects: 0.147200 ms CreateObjectMapping: 0.046600 ms MarkObjects: 2.017100 ms  DeleteObjects: 0.065600 ms)

AssetImportParameters requested are different than current active one (requested -> active):
  custom:framework-win-MediaFoundation: 216162199b28c13a410421893ffa2e32 -> 
  custom:video-decoder-ogg-theora: a1e56fd34408186e4bbccfd4996cb3dc -> 
  custom:container-muxer-webm: aa71ff27fc2769a1b78a27578f13a17b -> 
  custom:container-demuxer-webm: 4f35f7cbe854078d1ac9338744f61a02 -> 
  custom:container-demuxer-ogg: 62fdf1f143b41e24485cea50d1cbac27 -> 
  custom:video-encoder-webm-vp8: eb34c28f22e8b96e1ab97ce403110664 -> 
  custom:video-decoder-webm-vp8: 9c59270c3fd7afecdb556c50c9e8de78 -> 
  custom:audio-decoder-ogg-vorbis: bf7c407c2cedff20999df2af8eb42d56 -> 
  custom:audio-encoder-webm-vorbis: bf7c407c2cedff20999df2af8eb42d56 -> 
========================================================================
Received Import Request.
  Time since last request: 720.198488 seconds.
  path: Assets/Resources/Icons/boundaries.png
  artifactKey: Guid(a071d3b53493f594a9b5e18ad60f2029) Importer(815301076,1909f56bfc062723c751e8b465ee728b)
Start importing Assets/Resources/Icons/boundaries.png using Guid(a071d3b53493f594a9b5e18ad60f2029) Importer(815301076,1909f56bfc062723c751e8b465ee728b)  -> (artifact id: 'f0af260d977ab804ec9bd5b2584eb9da') in 0.673092 seconds 
  Import took 0.676666 seconds .

========================================================================
Received Import Request.
  Time since last request: 0.008615 seconds.
  path: Assets/Artwork/Materials/clouds.mat
  artifactKey: Guid(b8139d9d9a09c2d4c8415df44ec77eff) Importer(815301076,1909f56bfc062723c751e8b465ee728b)
Start importing Assets/Artwork/Materials/clouds.mat using Guid(b8139d9d9a09c2d4c8415df44ec77eff) Importer(815301076,1909f56bfc062723c751e8b465ee728b)  -> (artifact id: '390643fca8dc09c09ae8c5649bd9bfdc') in 0.048084 seconds 
  Import took 0.051705 seconds .

========================================================================
Received Import Request.
  Time since last request: 0.011316 seconds.
  path: Assets/Models
  artifactKey: Guid(b1a9df35fefc2224e8195254f7d4a83a) Importer(815301076,1909f56bfc062723c751e8b465ee728b)
Start importing Assets/Models using Guid(b1a9df35fefc2224e8195254f7d4a83a) Importer(815301076,1909f56bfc062723c751e8b465ee728b)  -> (artifact id: '743324e3aec3b31d6b6e97a0d611efbc') in 0.007858 seconds 
  Import took 0.011094 seconds .

========================================================================
Received Import Request.
  Time since last request: 0.005949 seconds.
  path: Assets/Scripts/Reset.cs
  artifactKey: Guid(9220624dcb0b78744869b9f56c91f25e) Importer(815301076,1909f56bfc062723c751e8b465ee728b)
Start importing Assets/Scripts/Reset.cs using Guid(9220624dcb0b78744869b9f56c91f25e) Importer(815301076,1909f56bfc062723c751e8b465ee728b)  -> (artifact id: 'ea84783a093d24ab55c62f2c8ceeb691') in 0.007855 seconds 
  Import took 0.010816 seconds .

========================================================================
Received Import Request.
  Time since last request: 0.005934 seconds.
  path: Assets/Animation/FlyLeft.anim
  artifactKey: Guid(0bfcd8c599260f34c8976121a2380446) Importer(815301076,1909f56bfc062723c751e8b465ee728b)
Start importing Assets/Animation/FlyLeft.anim using Guid(0bfcd8c599260f34c8976121a2380446) Importer(815301076,1909f56bfc062723c751e8b465ee728b)  -> (artifact id: 'ef17a337922ec0e1d84d94aa14510a0c') in 0.014083 seconds 
  Import took 0.017537 seconds .

========================================================================
Received Import Request.
  Time since last request: 0.003705 seconds.
  path: Assets/Scenes
  artifactKey: Guid(1f92b73fe13de7d4ca2861cf0d1fc39e) Importer(815301076,1909f56bfc062723c751e8b465ee728b)
Start importing Assets/Scenes using Guid(1f92b73fe13de7d4ca2861cf0d1fc39e) Importer(815301076,1909f56bfc062723c751e8b465ee728b)  -> (artifact id: '8ddb29fbe1a21fa63b3c4dc7cec9a0ca') in 0.007631 seconds 
  Import took 0.010509 seconds .

========================================================================
Received Import Request.
  Time since last request: 0.003569 seconds.
  path: Assets/Resources
  artifactKey: Guid(5c80c2f827a525441a89da22830722de) Importer(815301076,1909f56bfc062723c751e8b465ee728b)
Start importing Assets/Resources using Guid(5c80c2f827a525441a89da22830722de) Importer(815301076,1909f56bfc062723c751e8b465ee728b)  -> (artifact id: '28d798e2eeede9b270501272d2116822') in 0.007247 seconds 
  Import took 0.010135 seconds .

========================================================================
Received Import Request.
  Time since last request: 0.011731 seconds.
  path: Assets/Resources/Icons/reset.png
  artifactKey: Guid(7aa3faa8702ed2d45b4bae5c39511876) Importer(815301076,1909f56bfc062723c751e8b465ee728b)
Start importing Assets/Resources/Icons/reset.png using Guid(7aa3faa8702ed2d45b4bae5c39511876) Importer(815301076,1909f56bfc062723c751e8b465ee728b)  -> (artifact id: 'a5c4132c1d416cbf7a2c9da4fc0987a4') in 0.012737 seconds 
  Import took 0.016139 seconds .

========================================================================
Received Import Request.
  Time since last request: 0.007724 seconds.
  path: Assets/Animation/Clouds.controller
  artifactKey: Guid(04873236b2f9a724db350af5678127e2) Importer(815301076,1909f56bfc062723c751e8b465ee728b)
Start importing Assets/Animation/Clouds.controller using Guid(04873236b2f9a724db350af5678127e2) Importer(815301076,1909f56bfc062723c751e8b465ee728b)  -> (artifact id: '7696ba7b0c3bb81f4d4cf7007af597c9') in 0.011539 seconds 
  Import took 0.015436 seconds .

========================================================================
Received Import Request.
  Time since last request: 0.006751 seconds.
  path: Assets/Animation/FlyRight.anim
  artifactKey: Guid(1cc50ddb11de6ac40b0f4d9bd625d1ab) Importer(815301076,1909f56bfc062723c751e8b465ee728b)
Start importing Assets/Animation/FlyRight.anim using Guid(1cc50ddb11de6ac40b0f4d9bd625d1ab) Importer(815301076,1909f56bfc062723c751e8b465ee728b)  -> (artifact id: 'bfbf2afaf08f40ac054aa0f212a10d1f') in 0.009208 seconds 
  Import took 0.012492 seconds .

========================================================================
Received Import Request.
  Time since last request: 0.021307 seconds.
  path: Assets/Materials
  artifactKey: Guid(c22727d95b3ad2348a2271ea57ff15fd) Importer(815301076,1909f56bfc062723c751e8b465ee728b)
Start importing Assets/Materials using Guid(c22727d95b3ad2348a2271ea57ff15fd) Importer(815301076,1909f56bfc062723c751e8b465ee728b)  -> (artifact id: '13fd71548a2fd62390b9aa271e44bc68') in 0.007783 seconds 
  Import took 0.011113 seconds .

========================================================================
Received Import Request.
  Time since last request: 0.005080 seconds.
  path: Assets/Resources/Icons
  artifactKey: Guid(c45902c6b1d5b9d45b9db1b6de18b7a7) Importer(815301076,1909f56bfc062723c751e8b465ee728b)
Start importing Assets/Resources/Icons using Guid(c45902c6b1d5b9d45b9db1b6de18b7a7) Importer(815301076,1909f56bfc062723c751e8b465ee728b)  -> (artifact id: '9571e9556aaa49df80408e5ff202b131') in 0.008402 seconds 
  Import took 0.011694 seconds .

========================================================================
Received Import Request.
  Time since last request: 0.004135 seconds.
  path: Assets/Prefabs
  artifactKey: Guid(99a368c7371ea1c48bc52da867c302be) Importer(815301076,1909f56bfc062723c751e8b465ee728b)
Start importing Assets/Prefabs using Guid(99a368c7371ea1c48bc52da867c302be) Importer(815301076,1909f56bfc062723c751e8b465ee728b)  -> (artifact id: '9d716721082d864df77367e70b0e3a65') in 0.007496 seconds 
  Import took 0.010592 seconds .

========================================================================
Received Import Request.
  Time since last request: 0.005730 seconds.
  path: Assets/Scenes/SampleScene.unity
  artifactKey: Guid(9fc0d4010bbf28b4594072e72b8655ab) Importer(815301076,1909f56bfc062723c751e8b465ee728b)
Start importing Assets/Scenes/SampleScene.unity using Guid(9fc0d4010bbf28b4594072e72b8655ab) Importer(815301076,1909f56bfc062723c751e8b465ee728b)  -> (artifact id: '85059f4f9e1a832ed95adaa0d25c5c4c') in 0.009330 seconds 
  Import took 0.012576 seconds .

========================================================================
Received Import Request.
  Time since last request: 0.005941 seconds.
  path: Assets/Resources/Icons/movement.png
  artifactKey: Guid(b83026fd4fb9e1246882eff0072a590c) Importer(815301076,1909f56bfc062723c751e8b465ee728b)
Start importing Assets/Resources/Icons/movement.png using Guid(b83026fd4fb9e1246882eff0072a590c) Importer(815301076,1909f56bfc062723c751e8b465ee728b)  -> (artifact id: 'f4355f16ac0338f65edb1bef41a8e4a5') in 0.014290 seconds 
  Import took 0.017711 seconds .

========================================================================
Received Import Request.
  Time since last request: 0.005287 seconds.
  path: Assets/Artwork/Materials
  artifactKey: Guid(5ea21e44f86edc5448527b3a45df9fd8) Importer(815301076,1909f56bfc062723c751e8b465ee728b)
Start importing Assets/Artwork/Materials using Guid(5ea21e44f86edc5448527b3a45df9fd8) Importer(815301076,1909f56bfc062723c751e8b465ee728b)  -> (artifact id: 'bc873d5c8bb8b12d144a974f5b648d8a') in 0.003367 seconds 
  Import took 0.006497 seconds .

========================================================================
Received Import Request.
  Time since last request: 0.005622 seconds.
  path: Assets/Artwork/Materials/SkyGradient.mat
  artifactKey: Guid(ed2a4d27fab4a4140ad5b94bfb7e33ae) Importer(815301076,1909f56bfc062723c751e8b465ee728b)
Start importing Assets/Artwork/Materials/SkyGradient.mat using Guid(ed2a4d27fab4a4140ad5b94bfb7e33ae) Importer(815301076,1909f56bfc062723c751e8b465ee728b)  -> (artifact id: 'b5616f784c9201e32b603be44322522b') in 0.018712 seconds 
  Import took 0.022014 seconds .

========================================================================
Received Import Request.
  Time since last request: 0.006769 seconds.
  path: Assets/Animation/Rocket.anim
  artifactKey: Guid(29801fb0fceb9fa41aea866030d15922) Importer(815301076,1909f56bfc062723c751e8b465ee728b)
Start importing Assets/Animation/Rocket.anim using Guid(29801fb0fceb9fa41aea866030d15922) Importer(815301076,1909f56bfc062723c751e8b465ee728b)  -> (artifact id: 'fa48a89593e7c6a1ca790f13ddfad80a') in 0.004799 seconds 
  Import took 0.007997 seconds .

========================================================================
Received Import Request.
  Time since last request: 0.006119 seconds.
  path: Assets/Artwork/Materials/skull.mat
  artifactKey: Guid(4c087b36d017be641b332e0abc83e8d5) Importer(815301076,1909f56bfc062723c751e8b465ee728b)
Start importing Assets/Artwork/Materials/skull.mat using Guid(4c087b36d017be641b332e0abc83e8d5) Importer(815301076,1909f56bfc062723c751e8b465ee728b)  -> (artifact id: '4043a51cbfaeb1b7c12990dce7837a03') in 0.016311 seconds 
  Import took 0.019662 seconds .

========================================================================
Received Import Request.
  Time since last request: 0.024285 seconds.
  path: Assets/Scripts/Boundaries.cs
  artifactKey: Guid(788cfcae67b43b24ea5792d09e19b2e1) Importer(815301076,1909f56bfc062723c751e8b465ee728b)
Start importing Assets/Scripts/Boundaries.cs using Guid(788cfcae67b43b24ea5792d09e19b2e1) Importer(815301076,1909f56bfc062723c751e8b465ee728b)  -> (artifact id: '43adb858765bfdfe456c0b475b02476c') in 0.007814 seconds 
  Import took 0.011191 seconds .

========================================================================
Received Import Request.
  Time since last request: 0.010474 seconds.
  path: Assets/Animation/Rocket.controller
  artifactKey: Guid(ba7268f27b9c8c84989b6685b98227c2) Importer(815301076,1909f56bfc062723c751e8b465ee728b)
Start importing Assets/Animation/Rocket.controller using Guid(ba7268f27b9c8c84989b6685b98227c2) Importer(815301076,1909f56bfc062723c751e8b465ee728b)  -> (artifact id: '19e2d34c69df0fff6d1cfaefeb7cd731') in 0.005760 seconds 
  Import took 0.008882 seconds .

========================================================================
Received Import Request.
  Time since last request: 0.011452 seconds.
  path: Assets/Animation/Clouds.anim
  artifactKey: Guid(0c8451dcd451b54439d5c9d7325c644e) Importer(815301076,1909f56bfc062723c751e8b465ee728b)
Start importing Assets/Animation/Clouds.anim using Guid(0c8451dcd451b54439d5c9d7325c644e) Importer(815301076,1909f56bfc062723c751e8b465ee728b)  -> (artifact id: '6d58e814c9e27264b6494e32a8ca571f') in 0.004625 seconds 
  Import took 0.007846 seconds .

========================================================================
Received Import Request.
  Time since last request: 0.013015 seconds.
  path: Assets/Resources/Icons/teleport.png
  artifactKey: Guid(16c31b1270e811f44b87f181efc9edcb) Importer(815301076,1909f56bfc062723c751e8b465ee728b)
Start importing Assets/Resources/Icons/teleport.png using Guid(16c31b1270e811f44b87f181efc9edcb) Importer(815301076,1909f56bfc062723c751e8b465ee728b)  -> (artifact id: 'de0a8a88f89c8f8240544b04d2c6ae13') in 0.013696 seconds 
  Import took 0.017902 seconds .

========================================================================
Received Import Request.
  Time since last request: 0.009874 seconds.
  path: Assets/Scripts/Teleport.cs
  artifactKey: Guid(d63b882c141630c4faa97e7e3e3d9020) Importer(815301076,1909f56bfc062723c751e8b465ee728b)
Start importing Assets/Scripts/Teleport.cs using Guid(d63b882c141630c4faa97e7e3e3d9020) Importer(815301076,1909f56bfc062723c751e8b465ee728b)  -> (artifact id: '5b6ad9f46296706cd65e2979b1ed668d') in 0.008034 seconds 
  Import took 0.011322 seconds .

========================================================================
Received Import Request.
  Time since last request: 0.006029 seconds.
  path: Assets/Scripts/Movement.cs
  artifactKey: Guid(c22efc2fca1c7ad4f89183c00c88dec1) Importer(815301076,1909f56bfc062723c751e8b465ee728b)
Start importing Assets/Scripts/Movement.cs using Guid(c22efc2fca1c7ad4f89183c00c88dec1) Importer(815301076,1909f56bfc062723c751e8b465ee728b)  -> (artifact id: 'f5f11e2f1f2b42e56e49a0973856d389') in 0.008048 seconds 
  Import took 0.011314 seconds .

AssetImportWorkerClient::OnTransportError - code=2 error=End of file
