Using pre-set license
Built from '2020.3/release' branch; Version is '2020.3.12f1 (b3b2c6512326) revision 11776710'; Using compiler version '192528614'; Build Type 'Release'
OS: 'Windows 10 Pro; OS build 19044.2728; Version 2009; 64bit' Language: 'en' Physical Memory: 7989 MB
BatchMode: 1, IsHumanControllingUs: 0, StartBugReporterOnCrash: 0, Is64bit: 1, IsPro: 0

 COMMAND LINE ARGUMENTS:
C:\Program Files\Unity\Hub\Editor\2020.3.12f1\Editor\Unity.exe
-adb2
-batchMode
-noUpm
-name
AssetImportWorker0
-projectPath
C:/Users/Ninja33/Documents/GitHub/YS/YSMeanyBird/Scavenger Hunt the 2nd
-logFile
Logs/AssetImportWorker0.log
-srvPort
58607
Successfully changed project path to: C:/Users/Ninja33/Documents/GitHub/YS/YSMeanyBird/Scavenger Hunt the 2nd
C:/Users/Ninja33/Documents/GitHub/YS/YSMeanyBird/Scavenger Hunt the 2nd
Using Asset Import Pipeline V2.
Refreshing native plugins compatible for Editor in 106.19 ms, found 3 plugins.
Preloading 0 native plugins for Editor in 0.00 ms.
Initialize engine version: 2020.3.12f1 (b3b2c6512326)
[Subsystems] Discovering subsystems at path C:/Program Files/Unity/Hub/Editor/2020.3.12f1/Editor/Data/Resources/UnitySubsystems
[Subsystems] Discovering subsystems at path C:/Users/Ninja33/Documents/GitHub/YS/YSMeanyBird/Scavenger Hunt the 2nd/Assets
GfxDevice: creating device client; threaded=0
Direct3D:
    Version:  Direct3D 11.0 [level 10.0]
    Renderer: Intel(R) HD Graphics (ID=0x46)
    Vendor:   
    VRAM:     128 MB
    Driver:   8.15.10.2900
Initialize mono
Mono path[0] = 'C:/Program Files/Unity/Hub/Editor/2020.3.12f1/Editor/Data/Managed'
Mono path[1] = 'C:/Program Files/Unity/Hub/Editor/2020.3.12f1/Editor/Data/MonoBleedingEdge/lib/mono/unityjit'
Mono config path = 'C:/Program Files/Unity/Hub/Editor/2020.3.12f1/Editor/Data/MonoBleedingEdge/etc'
Using monoOptions --debugger-agent=transport=dt_socket,embedding=1,server=y,suspend=n,address=127.0.0.1:56828
Begin MonoManager ReloadAssembly
Registering precompiled unity dll's ...
Register platform support module: C:/Program Files/Unity/Hub/Editor/2020.3.12f1/Editor/Data/PlaybackEngines/WindowsStandaloneSupport/UnityEditor.WindowsStandalone.Extensions.dll
Registered in 0.004666 seconds.
Native extension for WindowsStandalone target not found
Refreshing native plugins compatible for Editor in 104.01 ms, found 3 plugins.
Preloading 0 native plugins for Editor in 0.00 ms.
Mono: successfully reloaded assembly
- Completed reload, in  2.570 seconds
Platform modules already initialized, skipping
Registering precompiled user dll's ...
Registered in 0.010697 seconds.
Begin MonoManager ReloadAssembly
Native extension for WindowsStandalone target not found
Refreshing native plugins compatible for Editor in 104.71 ms, found 3 plugins.
Preloading 0 native plugins for Editor in 0.00 ms.
Mono: successfully reloaded assembly
- Completed reload, in  2.859 seconds
Platform modules already initialized, skipping
========================================================================
Worker process is ready to serve import requests
Launched and connected shader compiler UnityShaderCompiler.exe after 0.09 seconds
Refreshing native plugins compatible for Editor in 1.08 ms, found 3 plugins.
Preloading 0 native plugins for Editor in 0.00 ms.
Unloading 2080 Unused Serialized files (Serialized files now loaded: 0)
System memory in use before: 92.9 MB.
System memory in use after: 92.8 MB.

Unloading 33 unused Assets to reduce memory usage. Loaded Objects now: 2512.
Total: 5.758600 ms (FindLiveObjects: 0.420100 ms CreateObjectMapping: 0.156400 ms MarkObjects: 4.886200 ms  DeleteObjects: 0.291800 ms)

AssetImportParameters requested are different than current active one (requested -> active):
  custom:framework-win-MediaFoundation: 216162199b28c13a410421893ffa2e32 -> 
  custom:video-decoder-ogg-theora: a1e56fd34408186e4bbccfd4996cb3dc -> 
  custom:container-muxer-webm: aa71ff27fc2769a1b78a27578f13a17b -> 
  custom:container-demuxer-webm: 4f35f7cbe854078d1ac9338744f61a02 -> 
  custom:container-demuxer-ogg: 62fdf1f143b41e24485cea50d1cbac27 -> 
  custom:video-encoder-webm-vp8: eb34c28f22e8b96e1ab97ce403110664 -> 
  custom:video-decoder-webm-vp8: 9c59270c3fd7afecdb556c50c9e8de78 -> 
  custom:audio-decoder-ogg-vorbis: bf7c407c2cedff20999df2af8eb42d56 -> 
  custom:audio-encoder-webm-vorbis: bf7c407c2cedff20999df2af8eb42d56 -> 
========================================================================
Received Import Request.
  path: Assets/New Scene.unity
  artifactKey: Guid(7f72dab01cdced94ab596965a2bec7be) Importer(815301076,1909f56bfc062723c751e8b465ee728b)
Start importing Assets/New Scene.unity using Guid(7f72dab01cdced94ab596965a2bec7be) Importer(815301076,1909f56bfc062723c751e8b465ee728b)  -> (artifact id: '3b021b6139564a9d1a1d512d93fb9561') in 0.045391 seconds 
  Import took 0.053955 seconds .

========================================================================
Received Import Request.
  Time since last request: 4.672548 seconds.
  path: Assets/Dir.unity
  artifactKey: Guid(7f72dab01cdced94ab596965a2bec7be) Importer(815301076,1909f56bfc062723c751e8b465ee728b)
Start importing Assets/Dir.unity using Guid(7f72dab01cdced94ab596965a2bec7be) Importer(815301076,1909f56bfc062723c751e8b465ee728b)  -> (artifact id: '5222159b2503aba4f65b96a60e1da244') in 0.018638 seconds 
  Import took 0.027564 seconds .

========================================================================
Received Import Request.
  Time since last request: 62.454741 seconds.
  path: Assets/Directianal light.unity
  artifactKey: Guid(7f72dab01cdced94ab596965a2bec7be) Importer(815301076,1909f56bfc062723c751e8b465ee728b)
Start importing Assets/Directianal light.unity using Guid(7f72dab01cdced94ab596965a2bec7be) Importer(815301076,1909f56bfc062723c751e8b465ee728b)  -> (artifact id: '3d7be090eaf5df8c4b1aac21fc9bba19') in 0.032040 seconds 
  Import took 0.042901 seconds .

========================================================================
Received Import Request.
  Time since last request: 5.093079 seconds.
  path: Assets
  artifactKey: Guid(00000000000000001000000000000000) Importer(815301076,1909f56bfc062723c751e8b465ee728b)
Start importing Assets using Guid(00000000000000001000000000000000) Importer(815301076,1909f56bfc062723c751e8b465ee728b)  -> (artifact id: '42d402b061de3733987d63b9cc3b64de') in 0.016419 seconds 
  Import took 0.026063 seconds .

========================================================================
Received Import Request.
  Time since last request: 53.852808 seconds.
  path: Assets/New Timeline.playable
  artifactKey: Guid(500fd8e1821660a4ba7b38877fc01183) Importer(815301076,1909f56bfc062723c751e8b465ee728b)
Start importing Assets/New Timeline.playable using Guid(500fd8e1821660a4ba7b38877fc01183) Importer(815301076,1909f56bfc062723c751e8b465ee728b)  -> (artifact id: 'b6255fb89a5e9088eee05d20b13c88d5') in 0.069458 seconds 
  Import took 0.076672 seconds .

========================================================================
Received Import Request.
  Time since last request: 0.001764 seconds.
  path: Assets/New Timeline.playable
  artifactKey: Guid(500fd8e1821660a4ba7b38877fc01183) Importer(815301076,1909f56bfc062723c751e8b465ee728b)
Start importing Assets/New Timeline.playable using Guid(500fd8e1821660a4ba7b38877fc01183) Importer(815301076,1909f56bfc062723c751e8b465ee728b)  -> (artifact id: 'b6255fb89a5e9088eee05d20b13c88d5') in 0.007465 seconds 
  Import took 0.015822 seconds .

========================================================================
Received Import Request.
  Time since last request: 145.955379 seconds.
  path: Assets/Scenes
  artifactKey: Guid(0f89d6ec5fc1d5f4a82081128a782f32) Importer(815301076,1909f56bfc062723c751e8b465ee728b)
Start importing Assets/Scenes using Guid(0f89d6ec5fc1d5f4a82081128a782f32) Importer(815301076,1909f56bfc062723c751e8b465ee728b)  -> (artifact id: '9f104a8017add0b2c7d9bb9215960c7d') in 0.016707 seconds 
  Import took 0.028166 seconds .

========================================================================
Received Import Request.
  Time since last request: 79.136639 seconds.
  path: Assets/Scenes/SampleScene.unity
  artifactKey: Guid(2cda990e2423bbf4892e6590ba056729) Importer(815301076,1909f56bfc062723c751e8b465ee728b)
Start importing Assets/Scenes/SampleScene.unity using Guid(2cda990e2423bbf4892e6590ba056729) Importer(815301076,1909f56bfc062723c751e8b465ee728b)  -> (artifact id: '2ce6f035b8c9896ba45fe270afa9b9c3') in 0.016636 seconds 
  Import took 0.030533 seconds .

AssetImportWorkerClient::OnTransportError - code=2 error=End of file
