Using pre-set license
Built from '2020.3/release' branch; Version is '2020.3.12f1 (b3b2c6512326) revision 11776710'; Using compiler version '192528614'; Build Type 'Release'
OS: 'Windows 10 Home; OS build 19042.1165; Version 2009; 64bit' Language: 'en' Physical Memory: 8122 MB
BatchMode: 1, IsHumanControllingUs: 0, StartBugReporterOnCrash: 0, Is64bit: 1, IsPro: 0

 COMMAND LINE ARGUMENTS:
C:\Program Files\Unity\Hub\Editor\2020.3.12f1\Editor\Unity.exe
-adb2
-batchMode
-noUpm
-name
AssetImportWorker0
-projectPath
C:/Users/cnalg/Documents/GitHub/YSDroppingBombs/YSDroppingBombs4
-logFile
Logs/AssetImportWorker0.log
-srvPort
60534
Successfully changed project path to: C:/Users/cnalg/Documents/GitHub/YSDroppingBombs/YSDroppingBombs4
C:/Users/cnalg/Documents/GitHub/YSDroppingBombs/YSDroppingBombs4
Using Asset Import Pipeline V2.
Refreshing native plugins compatible for Editor in 25.83 ms, found 2 plugins.
Preloading 0 native plugins for Editor in 0.00 ms.
Initialize engine version: 2020.3.12f1 (b3b2c6512326)
[Subsystems] Discovering subsystems at path C:/Program Files/Unity/Hub/Editor/2020.3.12f1/Editor/Data/Resources/UnitySubsystems
[Subsystems] Discovering subsystems at path C:/Users/cnalg/Documents/GitHub/YSDroppingBombs/YSDroppingBombs4/Assets
GfxDevice: creating device client; threaded=0
Direct3D:
    Version:  Direct3D 11.0 [level 11.1]
    Renderer: NVIDIA GeForce GT 1030 (ID=0x1d01)
    Vendor:   
    VRAM:     1982 MB
    Driver:   31.0.15.1694
Initialize mono
Mono path[0] = 'C:/Program Files/Unity/Hub/Editor/2020.3.12f1/Editor/Data/Managed'
Mono path[1] = 'C:/Program Files/Unity/Hub/Editor/2020.3.12f1/Editor/Data/MonoBleedingEdge/lib/mono/unityjit'
Mono config path = 'C:/Program Files/Unity/Hub/Editor/2020.3.12f1/Editor/Data/MonoBleedingEdge/etc'
Using monoOptions --debugger-agent=transport=dt_socket,embedding=1,server=y,suspend=n,address=127.0.0.1:56440
Begin MonoManager ReloadAssembly
Registering precompiled unity dll's ...
Register platform support module: C:/Program Files/Unity/Hub/Editor/2020.3.12f1/Editor/Data/PlaybackEngines/WindowsStandaloneSupport/UnityEditor.WindowsStandalone.Extensions.dll
Registered in 0.001730 seconds.
Native extension for WindowsStandalone target not found
Refreshing native plugins compatible for Editor in 24.27 ms, found 2 plugins.
Preloading 0 native plugins for Editor in 0.00 ms.
Mono: successfully reloaded assembly
- Completed reload, in  0.977 seconds
Platform modules already initialized, skipping
Registering precompiled user dll's ...
Registered in 0.003872 seconds.
Begin MonoManager ReloadAssembly
Native extension for WindowsStandalone target not found
Refreshing native plugins compatible for Editor in 0.40 ms, found 2 plugins.
Preloading 0 native plugins for Editor in 0.00 ms.
Mono: successfully reloaded assembly
- Completed reload, in  0.869 seconds
Platform modules already initialized, skipping
========================================================================
Worker process is ready to serve import requests
Launched and connected shader compiler UnityShaderCompiler.exe after 0.04 seconds
Refreshing native plugins compatible for Editor in 0.29 ms, found 2 plugins.
Preloading 0 native plugins for Editor in 0.00 ms.
Unloading 1395 Unused Serialized files (Serialized files now loaded: 0)
System memory in use before: 65.4 MB.
System memory in use after: 65.4 MB.

Unloading 19 unused Assets to reduce memory usage. Loaded Objects now: 1832.
Total: 1.599200 ms (FindLiveObjects: 0.129200 ms CreateObjectMapping: 0.037700 ms MarkObjects: 1.364400 ms  DeleteObjects: 0.066900 ms)

AssetImportParameters requested are different than current active one (requested -> active):
  custom:framework-win-MediaFoundation: 216162199b28c13a410421893ffa2e32 -> 
  custom:video-decoder-ogg-theora: a1e56fd34408186e4bbccfd4996cb3dc -> 
  custom:container-muxer-webm: aa71ff27fc2769a1b78a27578f13a17b -> 
  custom:container-demuxer-webm: 4f35f7cbe854078d1ac9338744f61a02 -> 
  custom:container-demuxer-ogg: 62fdf1f143b41e24485cea50d1cbac27 -> 
  custom:video-encoder-webm-vp8: eb34c28f22e8b96e1ab97ce403110664 -> 
  custom:video-decoder-webm-vp8: 9c59270c3fd7afecdb556c50c9e8de78 -> 
  custom:audio-decoder-ogg-vorbis: bf7c407c2cedff20999df2af8eb42d56 -> 
  custom:audio-encoder-webm-vorbis: bf7c407c2cedff20999df2af8eb42d56 -> 
========================================================================
Received Import Request.
  path: Assets/Scripts
  artifactKey: Guid(a9a220a25f8699f48964e35c395baf2a) Importer(815301076,1909f56bfc062723c751e8b465ee728b)
Start importing Assets/Scripts using Guid(a9a220a25f8699f48964e35c395baf2a) Importer(815301076,1909f56bfc062723c751e8b465ee728b)  -> (artifact id: '23d8968c9740d0ccbe76381b053a6735') in 0.007479 seconds 
  Import took 0.009363 seconds .

========================================================================
Received Import Request.
  Time since last request: 0.000223 seconds.
  path: Assets/Prefabs/Rocket.prefab
  artifactKey: Guid(82169fb5eac75114e9dae4d2dd916e6f) Importer(815301076,1909f56bfc062723c751e8b465ee728b)
Start importing Assets/Prefabs/Rocket.prefab using Guid(82169fb5eac75114e9dae4d2dd916e6f) Importer(815301076,1909f56bfc062723c751e8b465ee728b)  -> (artifact id: 'a015977527a6f2435c5424fe0ed5b8db') in 0.109613 seconds 
  Import took 0.112148 seconds .

========================================================================
Received Import Request.
  Time since last request: 240.907825 seconds.
  path: Assets/Scripts/ExplosionClear.cs
  artifactKey: Guid(450aa0cb877af554ab4609f2df0ace85) Importer(815301076,1909f56bfc062723c751e8b465ee728b)
Start importing Assets/Scripts/ExplosionClear.cs using Guid(450aa0cb877af554ab4609f2df0ace85) Importer(815301076,1909f56bfc062723c751e8b465ee728b)  -> (artifact id: 'cb2071dc2bab2d4c4d7620ea463ba632') in 0.012311 seconds 
  Import took 0.014856 seconds .

========================================================================
Received Import Request.
  Time since last request: 0.000287 seconds.
  path: Assets/Scripts/ExplosionClear.cs
  artifactKey: Guid(450aa0cb877af554ab4609f2df0ace85) Importer(815301076,1909f56bfc062723c751e8b465ee728b)
Start importing Assets/Scripts/ExplosionClear.cs using Guid(450aa0cb877af554ab4609f2df0ace85) Importer(815301076,1909f56bfc062723c751e8b465ee728b)  -> (artifact id: 'cb2071dc2bab2d4c4d7620ea463ba632') in 0.002939 seconds 
  Import took 0.005285 seconds .

========================================================================
Received Prepare
Registering precompiled user dll's ...
Registered in 0.041722 seconds.
Begin MonoManager ReloadAssembly
Native extension for WindowsStandalone target not found
Refreshing native plugins compatible for Editor in 0.29 ms, found 2 plugins.
Preloading 0 native plugins for Editor in 0.00 ms.
Mono: successfully reloaded assembly
- Completed reload, in  1.182 seconds
Platform modules already initialized, skipping
Refreshing native plugins compatible for Editor in 0.44 ms, found 2 plugins.
Preloading 0 native plugins for Editor in 0.00 ms.
Unloading 1391 Unused Serialized files (Serialized files now loaded: 0)
System memory in use before: 68.5 MB.
System memory in use after: 68.6 MB.

Unloading 16 unused Assets to reduce memory usage. Loaded Objects now: 1843.
Total: 1.645000 ms (FindLiveObjects: 0.149400 ms CreateObjectMapping: 0.046400 ms MarkObjects: 1.379800 ms  DeleteObjects: 0.068100 ms)

AssetImportParameters requested are different than current active one (requested -> active):
  custom:framework-win-MediaFoundation: 216162199b28c13a410421893ffa2e32 -> 
  custom:video-decoder-ogg-theora: a1e56fd34408186e4bbccfd4996cb3dc -> 
  custom:container-muxer-webm: aa71ff27fc2769a1b78a27578f13a17b -> 
  custom:container-demuxer-webm: 4f35f7cbe854078d1ac9338744f61a02 -> 
  custom:container-demuxer-ogg: 62fdf1f143b41e24485cea50d1cbac27 -> 
  custom:video-encoder-webm-vp8: eb34c28f22e8b96e1ab97ce403110664 -> 
  custom:video-decoder-webm-vp8: 9c59270c3fd7afecdb556c50c9e8de78 -> 
  custom:audio-decoder-ogg-vorbis: bf7c407c2cedff20999df2af8eb42d56 -> 
  custom:audio-encoder-webm-vorbis: bf7c407c2cedff20999df2af8eb42d56 -> 
========================================================================
Received Prepare
Registering precompiled user dll's ...
Registered in 0.003493 seconds.
Begin MonoManager ReloadAssembly
Native extension for WindowsStandalone target not found
Refreshing native plugins compatible for Editor in 0.28 ms, found 2 plugins.
Preloading 0 native plugins for Editor in 0.00 ms.
Mono: successfully reloaded assembly
- Completed reload, in  0.842 seconds
Platform modules already initialized, skipping
Refreshing native plugins compatible for Editor in 0.27 ms, found 2 plugins.
Preloading 0 native plugins for Editor in 0.00 ms.
Unloading 1391 Unused Serialized files (Serialized files now loaded: 0)
System memory in use before: 68.5 MB.
System memory in use after: 68.6 MB.

Unloading 14 unused Assets to reduce memory usage. Loaded Objects now: 1846.
Total: 1.599300 ms (FindLiveObjects: 0.137400 ms CreateObjectMapping: 0.045000 ms MarkObjects: 1.364900 ms  DeleteObjects: 0.051100 ms)

AssetImportParameters requested are different than current active one (requested -> active):
  custom:framework-win-MediaFoundation: 216162199b28c13a410421893ffa2e32 -> 
  custom:video-decoder-ogg-theora: a1e56fd34408186e4bbccfd4996cb3dc -> 
  custom:container-muxer-webm: aa71ff27fc2769a1b78a27578f13a17b -> 
  custom:container-demuxer-webm: 4f35f7cbe854078d1ac9338744f61a02 -> 
  custom:container-demuxer-ogg: 62fdf1f143b41e24485cea50d1cbac27 -> 
  custom:video-encoder-webm-vp8: eb34c28f22e8b96e1ab97ce403110664 -> 
  custom:video-decoder-webm-vp8: 9c59270c3fd7afecdb556c50c9e8de78 -> 
  custom:audio-decoder-ogg-vorbis: bf7c407c2cedff20999df2af8eb42d56 -> 
  custom:audio-encoder-webm-vorbis: bf7c407c2cedff20999df2af8eb42d56 -> 
========================================================================
Received Import Request.
  Time since last request: 941.706974 seconds.
  path: Assets/Scripts/ExplosionClear.cs
  artifactKey: Guid(450aa0cb877af554ab4609f2df0ace85) Importer(815301076,1909f56bfc062723c751e8b465ee728b)
Start importing Assets/Scripts/ExplosionClear.cs using Guid(450aa0cb877af554ab4609f2df0ace85) Importer(815301076,1909f56bfc062723c751e8b465ee728b)  -> (artifact id: '516355bd5c4f2a3bc5af2c6ae3d806d0') in 0.003494 seconds 
  Import took 0.005539 seconds .

========================================================================
Received Import Request.
  Time since last request: 84.218305 seconds.
  path: Assets/Models/Rocket06.fbx
  artifactKey: Guid(0094b425812d49548913a84e817fac7e) Importer(815301076,1909f56bfc062723c751e8b465ee728b)
Start importing Assets/Models/Rocket06.fbx using Guid(0094b425812d49548913a84e817fac7e) Importer(815301076,1909f56bfc062723c751e8b465ee728b)  -> (artifact id: '2b022f4859c3b81e0532916933e9751f') in 0.159856 seconds 
  Import took 0.162772 seconds .

========================================================================
Received Import Request.
  Time since last request: 7.906627 seconds.
  path: Assets/Prefabs/Explosion.prefab
  artifactKey: Guid(90d349c518c51664f90b2973c651b20c) Importer(815301076,1909f56bfc062723c751e8b465ee728b)
Start importing Assets/Prefabs/Explosion.prefab using Guid(90d349c518c51664f90b2973c651b20c) Importer(815301076,1909f56bfc062723c751e8b465ee728b)  -> (artifact id: 'cd83e22dd4d536cbf25c30afeb440ddb') in 0.011770 seconds 
  Import took 0.014308 seconds .

========================================================================
Received Import Request.
  Time since last request: 8.592839 seconds.
  path: Assets/Materials/Debris.mat
  artifactKey: Guid(d6b1375d1e485964283c2267bf5a1531) Importer(815301076,1909f56bfc062723c751e8b465ee728b)
Start importing Assets/Materials/Debris.mat using Guid(d6b1375d1e485964283c2267bf5a1531) Importer(815301076,1909f56bfc062723c751e8b465ee728b)  -> (artifact id: '1d5fa89a7887bb7fff4c74c86c4cf47a') in 0.014776 seconds 
  Import took 0.017165 seconds .

========================================================================
Received Import Request.
  Time since last request: 0.002863 seconds.
  path: Assets/Materials/Debris.mat
  artifactKey: Guid(d6b1375d1e485964283c2267bf5a1531) Importer(815301076,1909f56bfc062723c751e8b465ee728b)
Start importing Assets/Materials/Debris.mat using Guid(d6b1375d1e485964283c2267bf5a1531) Importer(815301076,1909f56bfc062723c751e8b465ee728b)  -> (artifact id: '1d5fa89a7887bb7fff4c74c86c4cf47a') in 0.006908 seconds 
  Import took 0.009117 seconds .

========================================================================
Received Prepare
Registering precompiled user dll's ...
Registered in 0.003294 seconds.
Begin MonoManager ReloadAssembly
Native extension for WindowsStandalone target not found
Refreshing native plugins compatible for Editor in 0.32 ms, found 2 plugins.
Preloading 0 native plugins for Editor in 0.00 ms.
Mono: successfully reloaded assembly
- Completed reload, in  0.958 seconds
Platform modules already initialized, skipping
Refreshing native plugins compatible for Editor in 0.33 ms, found 2 plugins.
Preloading 0 native plugins for Editor in 0.00 ms.
Unloading 1391 Unused Serialized files (Serialized files now loaded: 0)
System memory in use before: 68.9 MB.
System memory in use after: 68.9 MB.

Unloading 14 unused Assets to reduce memory usage. Loaded Objects now: 1886.
Total: 1.921500 ms (FindLiveObjects: 0.256100 ms CreateObjectMapping: 0.057300 ms MarkObjects: 1.553700 ms  DeleteObjects: 0.049000 ms)

AssetImportParameters requested are different than current active one (requested -> active):
  custom:framework-win-MediaFoundation: 216162199b28c13a410421893ffa2e32 -> 
  custom:video-decoder-ogg-theora: a1e56fd34408186e4bbccfd4996cb3dc -> 
  custom:container-muxer-webm: aa71ff27fc2769a1b78a27578f13a17b -> 
  custom:container-demuxer-webm: 4f35f7cbe854078d1ac9338744f61a02 -> 
  custom:container-demuxer-ogg: 62fdf1f143b41e24485cea50d1cbac27 -> 
  custom:video-encoder-webm-vp8: eb34c28f22e8b96e1ab97ce403110664 -> 
  custom:video-decoder-webm-vp8: 9c59270c3fd7afecdb556c50c9e8de78 -> 
  custom:audio-decoder-ogg-vorbis: bf7c407c2cedff20999df2af8eb42d56 -> 
  custom:audio-encoder-webm-vorbis: bf7c407c2cedff20999df2af8eb42d56 -> 
========================================================================
Received Import Request.
  Time since last request: 16.889581 seconds.
  path: Assets/Prefabs/Explosion.prefab
  artifactKey: Guid(90d349c518c51664f90b2973c651b20c) Importer(815301076,1909f56bfc062723c751e8b465ee728b)
Start importing Assets/Prefabs/Explosion.prefab using Guid(90d349c518c51664f90b2973c651b20c) Importer(815301076,1909f56bfc062723c751e8b465ee728b)  -> (artifact id: '30a83358818cb4755abb044b22229e41') in 0.025839 seconds 
  Import took 0.028595 seconds .

========================================================================
Received Prepare
Registering precompiled user dll's ...
Registered in 0.003774 seconds.
Begin MonoManager ReloadAssembly
Native extension for WindowsStandalone target not found
Refreshing native plugins compatible for Editor in 0.27 ms, found 2 plugins.
Preloading 0 native plugins for Editor in 0.00 ms.
Mono: successfully reloaded assembly
- Completed reload, in  0.840 seconds
Platform modules already initialized, skipping
Refreshing native plugins compatible for Editor in 0.27 ms, found 2 plugins.
Preloading 0 native plugins for Editor in 0.00 ms.
Unloading 1391 Unused Serialized files (Serialized files now loaded: 0)
System memory in use before: 68.9 MB.
System memory in use after: 68.9 MB.

Unloading 14 unused Assets to reduce memory usage. Loaded Objects now: 1889.
Total: 1.692700 ms (FindLiveObjects: 0.134400 ms CreateObjectMapping: 0.046300 ms MarkObjects: 1.465300 ms  DeleteObjects: 0.045800 ms)

AssetImportParameters requested are different than current active one (requested -> active):
  custom:framework-win-MediaFoundation: 216162199b28c13a410421893ffa2e32 -> 
  custom:video-decoder-ogg-theora: a1e56fd34408186e4bbccfd4996cb3dc -> 
  custom:container-muxer-webm: aa71ff27fc2769a1b78a27578f13a17b -> 
  custom:container-demuxer-webm: 4f35f7cbe854078d1ac9338744f61a02 -> 
  custom:container-demuxer-ogg: 62fdf1f143b41e24485cea50d1cbac27 -> 
  custom:video-encoder-webm-vp8: eb34c28f22e8b96e1ab97ce403110664 -> 
  custom:video-decoder-webm-vp8: 9c59270c3fd7afecdb556c50c9e8de78 -> 
  custom:audio-decoder-ogg-vorbis: bf7c407c2cedff20999df2af8eb42d56 -> 
  custom:audio-encoder-webm-vorbis: bf7c407c2cedff20999df2af8eb42d56 -> 
========================================================================
Received Import Request.
  Time since last request: 43.502307 seconds.
  path: Assets/Artwork/Materials/clouds.mat
  artifactKey: Guid(b8139d9d9a09c2d4c8415df44ec77eff) Importer(815301076,1909f56bfc062723c751e8b465ee728b)
Start importing Assets/Artwork/Materials/clouds.mat using Guid(b8139d9d9a09c2d4c8415df44ec77eff) Importer(815301076,1909f56bfc062723c751e8b465ee728b)  -> (artifact id: 'bc0673520e4ce578f1113a16739bc93e') in 0.058207 seconds 
  Import took 0.060285 seconds .

========================================================================
Received Import Request.
  Time since last request: 0.020862 seconds.
  path: Assets/Scripts/Reset.cs
  artifactKey: Guid(9220624dcb0b78744869b9f56c91f25e) Importer(815301076,1909f56bfc062723c751e8b465ee728b)
Start importing Assets/Scripts/Reset.cs using Guid(9220624dcb0b78744869b9f56c91f25e) Importer(815301076,1909f56bfc062723c751e8b465ee728b)  -> (artifact id: 'c7e72f1940da8cc70f74a1dda6f4fe57') in 0.005795 seconds 
  Import took 0.007787 seconds .

========================================================================
Received Import Request.
  Time since last request: 0.007076 seconds.
  path: Assets/Animation/FlyLeft.anim
  artifactKey: Guid(0bfcd8c599260f34c8976121a2380446) Importer(815301076,1909f56bfc062723c751e8b465ee728b)
Start importing Assets/Animation/FlyLeft.anim using Guid(0bfcd8c599260f34c8976121a2380446) Importer(815301076,1909f56bfc062723c751e8b465ee728b)  -> (artifact id: '6730a26f181d293cd1238ea3e43a57c5') in 0.007714 seconds 
  Import took 0.010224 seconds .

========================================================================
Received Import Request.
  Time since last request: 0.006380 seconds.
  path: Assets/Resources
  artifactKey: Guid(5c80c2f827a525441a89da22830722de) Importer(815301076,1909f56bfc062723c751e8b465ee728b)
Start importing Assets/Resources using Guid(5c80c2f827a525441a89da22830722de) Importer(815301076,1909f56bfc062723c751e8b465ee728b)  -> (artifact id: '408d6513e9f58c6748e035644d621e96') in 0.005898 seconds 
  Import took 0.008108 seconds .

========================================================================
Received Import Request.
  Time since last request: 0.025592 seconds.
  path: Assets/Animation/Clouds.controller
  artifactKey: Guid(04873236b2f9a724db350af5678127e2) Importer(815301076,1909f56bfc062723c751e8b465ee728b)
Start importing Assets/Animation/Clouds.controller using Guid(04873236b2f9a724db350af5678127e2) Importer(815301076,1909f56bfc062723c751e8b465ee728b)  -> (artifact id: '1c0088f412cf6d568da395bc6fdbc9e0') in 0.008363 seconds 
  Import took 0.011220 seconds .

========================================================================
Received Import Request.
  Time since last request: 0.011380 seconds.
  path: Assets/Resources/Icons
  artifactKey: Guid(c45902c6b1d5b9d45b9db1b6de18b7a7) Importer(815301076,1909f56bfc062723c751e8b465ee728b)
Start importing Assets/Resources/Icons using Guid(c45902c6b1d5b9d45b9db1b6de18b7a7) Importer(815301076,1909f56bfc062723c751e8b465ee728b)  -> (artifact id: '6d5e26d404ce0569455f8199d9ac6464') in 0.005514 seconds 
  Import took 0.007830 seconds .

========================================================================
Received Import Request.
  Time since last request: 0.002626 seconds.
  path: Assets/Scenes/SampleScene.unity
  artifactKey: Guid(9fc0d4010bbf28b4594072e72b8655ab) Importer(815301076,1909f56bfc062723c751e8b465ee728b)
Start importing Assets/Scenes/SampleScene.unity using Guid(9fc0d4010bbf28b4594072e72b8655ab) Importer(815301076,1909f56bfc062723c751e8b465ee728b)  -> (artifact id: '45e4c47cba069557de3f666f97f0f1cf') in 0.005759 seconds 
  Import took 0.008186 seconds .

========================================================================
Received Import Request.
  Time since last request: 0.006864 seconds.
  path: Assets/Resources/Icons/movement.png
  artifactKey: Guid(b83026fd4fb9e1246882eff0072a590c) Importer(815301076,1909f56bfc062723c751e8b465ee728b)
Start importing Assets/Resources/Icons/movement.png using Guid(b83026fd4fb9e1246882eff0072a590c) Importer(815301076,1909f56bfc062723c751e8b465ee728b)  -> (artifact id: '26c4f2e3c7ff73e5ac5eeeab1580909b') in 0.023658 seconds 
  Import took 0.025760 seconds .

========================================================================
Received Import Request.
  Time since last request: 0.007112 seconds.
  path: Assets/Artwork/Materials/SkyGradient.mat
  artifactKey: Guid(ed2a4d27fab4a4140ad5b94bfb7e33ae) Importer(815301076,1909f56bfc062723c751e8b465ee728b)
Start importing Assets/Artwork/Materials/SkyGradient.mat using Guid(ed2a4d27fab4a4140ad5b94bfb7e33ae) Importer(815301076,1909f56bfc062723c751e8b465ee728b)  -> (artifact id: 'c779a2bfef234cb0a592d017146ce29d') in 0.013883 seconds 
  Import took 0.015984 seconds .

========================================================================
Received Import Request.
  Time since last request: 0.035525 seconds.
  path: Assets/Animation/Clouds.anim
  artifactKey: Guid(0c8451dcd451b54439d5c9d7325c644e) Importer(815301076,1909f56bfc062723c751e8b465ee728b)
Start importing Assets/Animation/Clouds.anim using Guid(0c8451dcd451b54439d5c9d7325c644e) Importer(815301076,1909f56bfc062723c751e8b465ee728b)  -> (artifact id: '98de25e594b83110ddcb036829ffb36c') in 0.002473 seconds 
  Import took 0.004504 seconds .

========================================================================
Received Import Request.
  Time since last request: 0.010738 seconds.
  path: Assets/Animation
  artifactKey: Guid(b6c720479cc0eec4096ee404375a9192) Importer(815301076,1909f56bfc062723c751e8b465ee728b)
Start importing Assets/Animation using Guid(b6c720479cc0eec4096ee404375a9192) Importer(815301076,1909f56bfc062723c751e8b465ee728b)  -> (artifact id: '5c6c5e2fd8c00d2d819007d09ec0a8cc') in 0.006163 seconds 
  Import took 0.008180 seconds .

========================================================================
Received Import Request.
  Time since last request: 0.007093 seconds.
  path: Assets/Resources/Icons/teleport.png
  artifactKey: Guid(16c31b1270e811f44b87f181efc9edcb) Importer(815301076,1909f56bfc062723c751e8b465ee728b)
Start importing Assets/Resources/Icons/teleport.png using Guid(16c31b1270e811f44b87f181efc9edcb) Importer(815301076,1909f56bfc062723c751e8b465ee728b)  -> (artifact id: '7e8552e0b461c4a6435949401ff59f0a') in 0.008420 seconds 
  Import took 0.010511 seconds .

========================================================================
Received Import Request.
  Time since last request: 0.007738 seconds.
  path: Assets/Scripts/Teleport.cs
  artifactKey: Guid(d63b882c141630c4faa97e7e3e3d9020) Importer(815301076,1909f56bfc062723c751e8b465ee728b)
Start importing Assets/Scripts/Teleport.cs using Guid(d63b882c141630c4faa97e7e3e3d9020) Importer(815301076,1909f56bfc062723c751e8b465ee728b)  -> (artifact id: 'fb4f4900707265061f98058332a29825') in 0.005377 seconds 
  Import took 0.007337 seconds .

========================================================================
Received Import Request.
  Time since last request: 0.007146 seconds.
  path: Assets/Scripts/Movement.cs
  artifactKey: Guid(c22efc2fca1c7ad4f89183c00c88dec1) Importer(815301076,1909f56bfc062723c751e8b465ee728b)
Start importing Assets/Scripts/Movement.cs using Guid(c22efc2fca1c7ad4f89183c00c88dec1) Importer(815301076,1909f56bfc062723c751e8b465ee728b)  -> (artifact id: '889b01aaaf2c28f1a31b556b6504c1b3') in 0.005431 seconds 
  Import took 0.007501 seconds .

========================================================================
Received Import Request.
  Time since last request: 0.007748 seconds.
  path: Assets/Resources/Icons/boundaries.png
  artifactKey: Guid(a071d3b53493f594a9b5e18ad60f2029) Importer(815301076,1909f56bfc062723c751e8b465ee728b)
Start importing Assets/Resources/Icons/boundaries.png using Guid(a071d3b53493f594a9b5e18ad60f2029) Importer(815301076,1909f56bfc062723c751e8b465ee728b)  -> (artifact id: 'a0923440a92718f02a697da28b9635a4') in 0.008400 seconds 
  Import took 0.010457 seconds .

========================================================================
Received Import Request.
  Time since last request: 0.023199 seconds.
  path: Assets/Models
  artifactKey: Guid(b1a9df35fefc2224e8195254f7d4a83a) Importer(815301076,1909f56bfc062723c751e8b465ee728b)
Start importing Assets/Models using Guid(b1a9df35fefc2224e8195254f7d4a83a) Importer(815301076,1909f56bfc062723c751e8b465ee728b)  -> (artifact id: '5062ce23acd1875b7984867dd740e0fa') in 0.006300 seconds 
  Import took 0.008601 seconds .

========================================================================
Received Import Request.
  Time since last request: 0.008413 seconds.
  path: Assets/Scenes
  artifactKey: Guid(1f92b73fe13de7d4ca2861cf0d1fc39e) Importer(815301076,1909f56bfc062723c751e8b465ee728b)
Start importing Assets/Scenes using Guid(1f92b73fe13de7d4ca2861cf0d1fc39e) Importer(815301076,1909f56bfc062723c751e8b465ee728b)  -> (artifact id: '3c94f333122b78691a50a44f6f081e35') in 0.005371 seconds 
  Import took 0.007441 seconds .

========================================================================
Received Import Request.
  Time since last request: 0.006659 seconds.
  path: Assets/Scripts/GameManager.cs
  artifactKey: Guid(db13ae147a39ab945bc169b37539aa78) Importer(815301076,1909f56bfc062723c751e8b465ee728b)
Start importing Assets/Scripts/GameManager.cs using Guid(db13ae147a39ab945bc169b37539aa78) Importer(815301076,1909f56bfc062723c751e8b465ee728b)  -> (artifact id: '0fca91fffa1f33b0da73f1dab8396020') in 0.005417 seconds 
  Import took 0.007424 seconds .

========================================================================
Received Import Request.
  Time since last request: 0.018905 seconds.
  path: Assets/Resources/Icons/reset.png
  artifactKey: Guid(7aa3faa8702ed2d45b4bae5c39511876) Importer(815301076,1909f56bfc062723c751e8b465ee728b)
Start importing Assets/Resources/Icons/reset.png using Guid(7aa3faa8702ed2d45b4bae5c39511876) Importer(815301076,1909f56bfc062723c751e8b465ee728b)  -> (artifact id: '4de4be30d6a6a422dfa40bdbdabdadaa') in 0.008317 seconds 
  Import took 0.010353 seconds .

========================================================================
Received Import Request.
  Time since last request: 0.007038 seconds.
  path: Assets/Animation/FlyRight.anim
  artifactKey: Guid(1cc50ddb11de6ac40b0f4d9bd625d1ab) Importer(815301076,1909f56bfc062723c751e8b465ee728b)
Start importing Assets/Animation/FlyRight.anim using Guid(1cc50ddb11de6ac40b0f4d9bd625d1ab) Importer(815301076,1909f56bfc062723c751e8b465ee728b)  -> (artifact id: '7f16047511124206281833d0e4ba4231') in 0.006179 seconds 
  Import took 0.008202 seconds .

========================================================================
Received Import Request.
  Time since last request: 0.060000 seconds.
  path: Assets/Prefabs
  artifactKey: Guid(99a368c7371ea1c48bc52da867c302be) Importer(815301076,1909f56bfc062723c751e8b465ee728b)
Start importing Assets/Prefabs using Guid(99a368c7371ea1c48bc52da867c302be) Importer(815301076,1909f56bfc062723c751e8b465ee728b)  -> (artifact id: '8f12ec23f7c02e421bc62d3a3ffb7797') in 0.005484 seconds 
  Import took 0.007555 seconds .

========================================================================
Received Import Request.
  Time since last request: 0.021036 seconds.
  path: Assets/Resources/Icons/score.png
  artifactKey: Guid(bedad306b2c9c7c45b3dede9288ba435) Importer(815301076,1909f56bfc062723c751e8b465ee728b)
Start importing Assets/Resources/Icons/score.png using Guid(bedad306b2c9c7c45b3dede9288ba435) Importer(815301076,1909f56bfc062723c751e8b465ee728b)  -> (artifact id: '59e7c146005f89676ccdafcb38899332') in 0.008487 seconds 
  Import took 0.010519 seconds .

========================================================================
Received Import Request.
  Time since last request: 0.015778 seconds.
  path: Assets/Scripts/Score.cs
  artifactKey: Guid(d37e7986f3534ea4faf8ce8efd741ab1) Importer(815301076,1909f56bfc062723c751e8b465ee728b)
Start importing Assets/Scripts/Score.cs using Guid(d37e7986f3534ea4faf8ce8efd741ab1) Importer(815301076,1909f56bfc062723c751e8b465ee728b)  -> (artifact id: '017bc228766f9a49840b9dd67efeecef') in 0.005875 seconds 
  Import took 0.007845 seconds .

========================================================================
Received Import Request.
  Time since last request: 0.005527 seconds.
  path: Assets/Artwork/Materials
  artifactKey: Guid(5ea21e44f86edc5448527b3a45df9fd8) Importer(815301076,1909f56bfc062723c751e8b465ee728b)
Start importing Assets/Artwork/Materials using Guid(5ea21e44f86edc5448527b3a45df9fd8) Importer(815301076,1909f56bfc062723c751e8b465ee728b)  -> (artifact id: '2285b508378840c394a04eb15afaa68e') in 0.005237 seconds 
  Import took 0.007246 seconds .

========================================================================
Received Import Request.
  Time since last request: 0.006291 seconds.
  path: Assets/Animation/Rocket.anim
  artifactKey: Guid(29801fb0fceb9fa41aea866030d15922) Importer(815301076,1909f56bfc062723c751e8b465ee728b)
Start importing Assets/Animation/Rocket.anim using Guid(29801fb0fceb9fa41aea866030d15922) Importer(815301076,1909f56bfc062723c751e8b465ee728b)  -> (artifact id: '9f535e15c7138c205001091412833439') in 0.002331 seconds 
  Import took 0.004365 seconds .

========================================================================
Received Import Request.
  Time since last request: 0.006254 seconds.
  path: Assets/Artwork/Materials/skull.mat
  artifactKey: Guid(4c087b36d017be641b332e0abc83e8d5) Importer(815301076,1909f56bfc062723c751e8b465ee728b)
Start importing Assets/Artwork/Materials/skull.mat using Guid(4c087b36d017be641b332e0abc83e8d5) Importer(815301076,1909f56bfc062723c751e8b465ee728b)  -> (artifact id: '8899bc1df187eedf52cb9f9243fa96ba') in 0.012585 seconds 
  Import took 0.014642 seconds .

========================================================================
Received Import Request.
  Time since last request: 0.020539 seconds.
  path: Assets/Scripts/Boundaries.cs
  artifactKey: Guid(788cfcae67b43b24ea5792d09e19b2e1) Importer(815301076,1909f56bfc062723c751e8b465ee728b)
Start importing Assets/Scripts/Boundaries.cs using Guid(788cfcae67b43b24ea5792d09e19b2e1) Importer(815301076,1909f56bfc062723c751e8b465ee728b)  -> (artifact id: 'e50d5e24ef8b2ac4bac54b03ad958bd4') in 0.005414 seconds 
  Import took 0.007437 seconds .

========================================================================
Received Import Request.
  Time since last request: 0.038670 seconds.
  path: Assets/Animation/Rocket.controller
  artifactKey: Guid(ba7268f27b9c8c84989b6685b98227c2) Importer(815301076,1909f56bfc062723c751e8b465ee728b)
Start importing Assets/Animation/Rocket.controller using Guid(ba7268f27b9c8c84989b6685b98227c2) Importer(815301076,1909f56bfc062723c751e8b465ee728b)  -> (artifact id: '5584f8f0a4412ad9aaf14047d09f25d3') in 0.003334 seconds 
  Import took 0.005434 seconds .

========================================================================
Received Import Request.
  Time since last request: 0.017619 seconds.
  path: Assets/Spawner.cs
  artifactKey: Guid(315caba44b735ae4899d082714751585) Importer(815301076,1909f56bfc062723c751e8b465ee728b)
Start importing Assets/Spawner.cs using Guid(315caba44b735ae4899d082714751585) Importer(815301076,1909f56bfc062723c751e8b465ee728b)  -> (artifact id: '0f5834bfe04f7ed763efc9f099f77017') in 0.006131 seconds 
  Import took 0.008134 seconds .

AssetImportWorkerClient::OnTransportError - code=2 error=End of file
